<?xml version="1.0" encoding="UTF-8"?>
<!-- Generated by org.testng.reporters.JUnitXMLReporter -->
<testsuite hostname="admin-PC" ignored="2" name="Default test(failed)" tests="1" failures="0" timestamp="22 Aug 2019 06:11:35 GMT" time="53.103" errors="0">
  <testcase name="VerifyLoginPageDotNewLogocheckTest" time="0.469" classname="com.Scneider.Xyphias.Xyphias_webappNew.LoginPageDotNewTest"/>
  <testcase name="VerifyLoginPageToHomePageNewDotNewTest" time="0.0" classname="com.Scneider.Xyphias.Xyphias_webappNew.LoginPageDotNewTest">
    <ignored/>
  </testcase> <!-- VerifyLoginPageToHomePageNewDotNewTest -->
  <testcase name="VerifyLoginPageDotNewTitleTest" time="0.0" classname="com.Scneider.Xyphias.Xyphias_webappNew.LoginPageDotNewTest">
    <ignored/>
  </testcase> <!-- VerifyLoginPageDotNewTitleTest -->
</testsuite> <!-- Default test(failed) -->
