<?xml version="1.0" encoding="UTF-8"?>
<!-- Generated by org.testng.reporters.JUnitXMLReporter -->
<testsuite hostname="admin-PC" ignored="0" name="Default test" tests="3" failures="0" timestamp="22 Aug 2019 09:19:08 GMT" time="158.418" errors="0">
  <testcase name="VerifyContactsPageDotNewTitle" time="0.057" classname="com.Scneider.Xyphias.Xyphias_webappNew.ContactsPageDotNewTest"/>
  <testcase name="EnterContactsDetailsTest" time="41.353" classname="com.Scneider.Xyphias.Xyphias_webappNew.ContactsPageDotNewTest"/>
  <testcase name="EnterContactsDetailsTest" time="20.502" classname="com.Scneider.Xyphias.Xyphias_webappNew.ContactsPageDotNewTest"/>
</testsuite> <!-- Default test -->
